This is pdfTeX, Version 3.1415926-2.3-1.40.12 (MiKTeX 2.9) (preloaded format=pdflatex 2012.1.26)  27 JAN 2012 13:20
entering extended mode
**C:/Users/geislekj/Documents/Courses/Junior*2011-2012/Winter*Term/CSSE374/Liza
/Liza/Design/MS4-RefinedDesign/MS3-RefinedDesign.tex

("C:/Users/geislekj/Documents/Courses/Junior 2011-2012/Winter Term/CSSE374/Liza
/Liza/Design/MS4-RefinedDesign/MS3-RefinedDesign.tex"
LaTeX2e <2009/09/24>
Babel <v3.8l> and hyphenation patterns for english, afrikaans, ancientgreek, ar
abic, armenian, assamese, basque, bengali, bokmal, bulgarian, catalan, coptic, 
croatian, czech, danish, dutch, esperanto, estonian, farsi, finnish, french, ga
lician, german, german-x-2009-06-19, greek, gujarati, hindi, hungarian, iceland
ic, indonesian, interlingua, irish, italian, kannada, kurmanji, lao, latin, lat
vian, lithuanian, malayalam, marathi, mongolian, mongolianlmc, monogreek, ngerm
an, ngerman-x-2009-06-19, nynorsk, oriya, panjabi, pinyin, polish, portuguese, 
romanian, russian, sanskrit, serbian, slovak, slovenian, spanish, swedish, swis
sgerman, tamil, telugu, turkish, turkmen, ukenglish, ukrainian, uppersorbian, u
senglishmax, welsh, loaded.
("C:\Program Files (x86)\MiKTeX 2.9\tex\latex\base\article.cls"
Document Class: article 2007/10/19 v1.4h Standard LaTeX document class
("C:\Program Files (x86)\MiKTeX 2.9\tex\latex\base\size10.clo"
File: size10.clo 2007/10/19 v1.4h Standard LaTeX file (size option)
)
\c@part=\count79
\c@section=\count80
\c@subsection=\count81
\c@subsubsection=\count82
\c@paragraph=\count83
\c@subparagraph=\count84
\c@figure=\count85
\c@table=\count86
\abovecaptionskip=\skip41
\belowcaptionskip=\skip42
\bibindent=\dimen102
)
("C:\Program Files (x86)\MiKTeX 2.9\tex\latex\pdfpages\pdfpages.sty"
Package: pdfpages 2011/03/10 v0.4n Insert pages of external PDF documents (AM)

("C:\Program Files (x86)\MiKTeX 2.9\tex\latex\base\ifthen.sty"
Package: ifthen 2001/05/26 v1.1c Standard LaTeX ifthen package (DPC)
)
("C:\Program Files (x86)\MiKTeX 2.9\tex\latex\tools\calc.sty"
Package: calc 2007/08/22 v4.3 Infix arithmetic (KKT,FJ)
\calc@Acount=\count87
\calc@Bcount=\count88
\calc@Adimen=\dimen103
\calc@Bdimen=\dimen104
\calc@Askip=\skip43
\calc@Bskip=\skip44
LaTeX Info: Redefining \setlength on input line 76.
LaTeX Info: Redefining \addtolength on input line 77.
\calc@Ccount=\count89
\calc@Cskip=\skip45
)
("C:\Program Files (x86)\MiKTeX 2.9\tex\latex\eso-pic\eso-pic.sty"
Package: eso-pic 2010/10/06 v2.0c eso-pic (RN)

("C:\Program Files (x86)\MiKTeX 2.9\tex\generic\oberdiek\atbegshi.sty"
Package: atbegshi 2011/01/30 v1.15 At begin shipout hook (HO)

("C:\Program Files (x86)\MiKTeX 2.9\tex\generic\oberdiek\infwarerr.sty"
Package: infwarerr 2010/04/08 v1.3 Providing info/warning/message (HO)
)
("C:\Program Files (x86)\MiKTeX 2.9\tex\generic\oberdiek\ltxcmds.sty"
Package: ltxcmds 2011/04/18 v1.20 LaTeX kernel commands for general use (HO)
)
("C:\Program Files (x86)\MiKTeX 2.9\tex\generic\oberdiek\ifpdf.sty"
Package: ifpdf 2011/01/30 v2.3 Provides the ifpdf switch (HO)
Package ifpdf Info: pdfTeX in PDF mode is detected.
))
("C:\Program Files (x86)\MiKTeX 2.9\tex\latex\graphics\keyval.sty"
Package: keyval 1999/03/16 v1.13 key=value parser (DPC)
\KV@toks@=\toks14
)
("C:\Program Files (x86)\MiKTeX 2.9\tex\latex\xcolor\xcolor.sty"
Package: xcolor 2007/01/21 v2.11 LaTeX color extensions (UK)

("C:\Program Files (x86)\MiKTeX 2.9\tex\latex\00miktex\color.cfg"
File: color.cfg 2007/01/18 v1.5 color configuration of teTeX/TeXLive
)
Package xcolor Info: Driver file: pdftex.def on input line 225.

("C:\Program Files (x86)\MiKTeX 2.9\tex\latex\pdftex-def\pdftex.def"
File: pdftex.def 2011/05/27 v0.06d Graphics/color for pdfTeX
\Gread@gobject=\count90
)
Package xcolor Info: Model `cmy' substituted by `cmy0' on input line 1337.
Package xcolor Info: Model `hsb' substituted by `rgb' on input line 1341.
Package xcolor Info: Model `RGB' extended on input line 1353.
Package xcolor Info: Model `HTML' substituted by `rgb' on input line 1355.
Package xcolor Info: Model `Hsb' substituted by `hsb' on input line 1356.
Package xcolor Info: Model `tHsb' substituted by `hsb' on input line 1357.
Package xcolor Info: Model `HSB' substituted by `hsb' on input line 1358.
Package xcolor Info: Model `Gray' substituted by `gray' on input line 1359.
Package xcolor Info: Model `wave' substituted by `hsb' on input line 1360.
))
("C:\Program Files (x86)\MiKTeX 2.9\tex\latex\graphics\graphicx.sty"
Package: graphicx 1999/02/16 v1.0f Enhanced LaTeX Graphics (DPC,SPQR)

("C:\Program Files (x86)\MiKTeX 2.9\tex\latex\graphics\graphics.sty"
Package: graphics 2009/02/05 v1.0o Standard LaTeX Graphics (DPC,SPQR)

("C:\Program Files (x86)\MiKTeX 2.9\tex\latex\graphics\trig.sty"
Package: trig 1999/03/16 v1.09 sin cos tan (DPC)
)
("C:\Program Files (x86)\MiKTeX 2.9\tex\latex\00miktex\graphics.cfg"
File: graphics.cfg 2007/01/18 v1.5 graphics configuration of teTeX/TeXLive
)
Package graphics Info: Driver file: pdftex.def on input line 91.
)
\Gin@req@height=\dimen105
\Gin@req@width=\dimen106
)
("C:\Program Files (x86)\MiKTeX 2.9\tex\latex\pdfpages\pppdftex.def"
File: pppdftex.def 2011/03/10 v0.4n Pdfpages driver for pdfTeX (AM)
)
\AM@pagebox=\box26
\AM@toc@title=\toks15
\c@AM@survey=\count91
\AM@templatesizebox=\box27
)
("C:\Users\geislekj\Documents\Courses\Junior 2011-2012\Winter Term\CSSE374\Liza
\Liza\Design\MS4-RefinedDesign\MS3-RefinedDesign.aux")
LaTeX Font Info:    Checking defaults for OML/cmm/m/it on input line 8.
LaTeX Font Info:    ... okay on input line 8.
LaTeX Font Info:    Checking defaults for T1/cmr/m/n on input line 8.
LaTeX Font Info:    ... okay on input line 8.
LaTeX Font Info:    Checking defaults for OT1/cmr/m/n on input line 8.
LaTeX Font Info:    ... okay on input line 8.
LaTeX Font Info:    Checking defaults for OMS/cmsy/m/n on input line 8.
LaTeX Font Info:    ... okay on input line 8.
LaTeX Font Info:    Checking defaults for OMX/cmex/m/n on input line 8.
LaTeX Font Info:    ... okay on input line 8.
LaTeX Font Info:    Checking defaults for U/cmr/m/n on input line 8.
LaTeX Font Info:    ... okay on input line 8.
\AtBeginShipoutBox=\box28

("C:\Program Files (x86)\MiKTeX 2.9\tex\context\base\supp-pdf.mkii"
[Loading MPS to PDF converter (version 2006.09.02).]
\scratchcounter=\count92
\scratchdimen=\dimen107
\scratchbox=\box29
\nofMPsegments=\count93
\nofMParguments=\count94
\everyMPshowfont=\toks16
\MPscratchCnt=\count95
\MPscratchDim=\dimen108
\MPnumerator=\count96
\makeMPintoPDFobject=\count97
\everyMPtoPDFconversion=\toks17
)
LaTeX Font Info:    External font `cmex10' loaded for size
(Font)              <12> on input line 10.
LaTeX Font Info:    External font `cmex10' loaded for size
(Font)              <8> on input line 10.
LaTeX Font Info:    External font `cmex10' loaded for size
(Font)              <6> on input line 10.
 [1

{C:/ProgramData/MiKTeX/2.9/pdftex/config/pdftex.map}]
("C:\Users\geislekj\Documents\Courses\Junior 2011-2012\Winter Term\CSSE374\Liza
\Liza\Design\MS4-RefinedDesign\MS3-RefinedDesign.toc")
\tf@toc=\write3
 [2] [3]
<DomainModel.pdf, id=18, page=1, 614.295pt x 794.97pt>
File: DomainModel.pdf Graphic file (type pdf)

<use DomainModel.pdf, page 1>
Package pdftex.def Info: DomainModel.pdf, page1 used on input line 24.
(pdftex.def)             Requested size: 614.29349pt x 794.96806pt.
File: DomainModel.pdf Graphic file (type pdf)
 <use DomainModel.pdf, page 1>
Package pdftex.def Info: DomainModel.pdf, page1 used on input line 24.
(pdftex.def)             Requested size: 614.58406pt x 795.3441pt.
File: DomainModel.pdf Graphic file (type pdf)

<use DomainModel.pdf, page 1>
Package pdftex.def Info: DomainModel.pdf, page1 used on input line 24.
(pdftex.def)             Requested size: 614.58406pt x 795.3441pt.
File: DomainModel.pdf Graphic file (type pdf)
 <use DomainModel.pdf, page 1>
Package pdftex.def Info: DomainModel.pdf, page1 used on input line 24.
(pdftex.def)             Requested size: 614.58406pt x 795.3441pt.
File: DomainModel.pdf Graphic file (type pdf)

<use DomainModel.pdf, page 1>
Package pdftex.def Info: DomainModel.pdf, page1 used on input line 24.
(pdftex.def)             Requested size: 614.58406pt x 795.3441pt.
 [4 <C:/Users/geislekj/Documents/Courses/Junior 2011-2012/Winter Term/CSSE374/L
iza/Liza/Design/MS4-RefinedDesign/DomainModel.pdf>]
Underfull \hbox (badness 10000) in paragraph at lines 30--31

 []


Underfull \hbox (badness 10000) in paragraph at lines 32--37

 []

<ssd.png, id=45, 322.95656pt x 564.60938pt>
File: ssd.png Graphic file (type png)
 <use ssd.png>
Package pdftex.def Info: ssd.png used on input line 44.
(pdftex.def)             Requested size: 322.95576pt x 564.60799pt.
 [5]
Overfull \vbox (14.60799pt too high) has occurred while \output is active []


[6 <C:/Users/geislekj/Documents/Courses/Junior 2011-2012/Winter Term/CSSE374/Li
za/Liza/Design/MS4-RefinedDesign/ssd.png>]
Underfull \hbox (badness 10000) in paragraph at lines 48--50

 []


Underfull \hbox (badness 10000) in paragraph at lines 51--60

 []


Underfull \hbox (badness 10000) in paragraph at lines 51--60

 []


Underfull \hbox (badness 10000) in paragraph at lines 61--69

 []


Underfull \hbox (badness 10000) in paragraph at lines 61--69

 []


Underfull \hbox (badness 10000) in paragraph at lines 72--80

 []

[7] <Bukkit-Liza-Relationship.pdf, id=59, page=1, 597.45204pt x 845.1575pt>
File: Bukkit-Liza-Relationship.pdf Graphic file (type pdf)

<use Bukkit-Liza-Relationship.pdf, page 1>
Package pdftex.def Info: Bukkit-Liza-Relationship.pdf, page1 used on input line
 87.
(pdftex.def)             Requested size: 597.45058pt x 845.15544pt.
File: Bukkit-Liza-Relationship.pdf Graphic file (type pdf)

<use Bukkit-Liza-Relationship.pdf, page 1>
Package pdftex.def Info: Bukkit-Liza-Relationship.pdf, page1 used on input line
 87.
(pdftex.def)             Requested size: 562.06993pt x 795.10587pt.
File: Bukkit-Liza-Relationship.pdf Graphic file (type pdf)

<use Bukkit-Liza-Relationship.pdf, page 1>
Package pdftex.def Info: Bukkit-Liza-Relationship.pdf, page1 used on input line
 87.
(pdftex.def)             Requested size: 562.06993pt x 795.10587pt.
File: Bukkit-Liza-Relationship.pdf Graphic file (type pdf)

<use Bukkit-Liza-Relationship.pdf, page 1>
Package pdftex.def Info: Bukkit-Liza-Relationship.pdf, page1 used on input line
 87.
(pdftex.def)             Requested size: 562.06993pt x 795.10587pt.
File: Bukkit-Liza-Relationship.pdf Graphic file (type pdf)

<use Bukkit-Liza-Relationship.pdf, page 1>
Package pdftex.def Info: Bukkit-Liza-Relationship.pdf, page1 used on input line
 87.
(pdftex.def)             Requested size: 562.06993pt x 795.10587pt.
 [8 <C:/Users/geislekj/Documents/Courses/Junior 2011-2012/Winter Term/CSSE374/L
iza/Liza/Design/MS4-RefinedDesign/Bukkit-Liza-Relationship.pdf>]
Underfull \hbox (badness 10000) in paragraph at lines 91--93

 []


Underfull \hbox (badness 10000) in paragraph at lines 94--104

 []


Underfull \hbox (badness 10000) in paragraph at lines 105--112

 []


Underfull \hbox (badness 10000) in paragraph at lines 113--117

 []


Underfull \hbox (badness 10000) in paragraph at lines 118--121

 []


Underfull \hbox (badness 10000) in paragraph at lines 122--128

 []


Underfull \hbox (badness 10000) in paragraph at lines 129--134

 []


Underfull \hbox (badness 10000) in paragraph at lines 137--139

 []

[9] <LizaClassDiagram.pdf, id=83, page=1, 845.1575pt x 597.45204pt>
File: LizaClassDiagram.pdf Graphic file (type pdf)

<use LizaClassDiagram.pdf, page 1>
Package pdftex.def Info: LizaClassDiagram.pdf, page1 used on input line 141.
(pdftex.def)             Requested size: 845.15544pt x 597.45058pt.
File: LizaClassDiagram.pdf Graphic file (type pdf)
 <use LizaClassDiagram.pdf, page 1>
Package pdftex.def Info: LizaClassDiagram.pdf, page1 used on input line 141.
(pdftex.def)             Requested size: 614.40643pt x 434.33131pt.
File: LizaClassDiagram.pdf Graphic file (type pdf)

<use LizaClassDiagram.pdf, page 1>
Package pdftex.def Info: LizaClassDiagram.pdf, page1 used on input line 141.
(pdftex.def)             Requested size: 614.40643pt x 434.33131pt.
File: LizaClassDiagram.pdf Graphic file (type pdf)
 <use LizaClassDiagram.pdf, page 1>
Package pdftex.def Info: LizaClassDiagram.pdf, page1 used on input line 141.
(pdftex.def)             Requested size: 614.40643pt x 434.33131pt.
File: LizaClassDiagram.pdf Graphic file (type pdf)

<use LizaClassDiagram.pdf, page 1>
Package pdftex.def Info: LizaClassDiagram.pdf, page1 used on input line 141.
(pdftex.def)             Requested size: 614.40643pt x 434.33131pt.
 [10 <C:/Users/geislekj/Documents/Courses/Junior 2011-2012/Winter Term/CSSE374/
Liza/Liza/Design/MS4-RefinedDesign/LizaClassDiagram.pdf, page is rotated 90 deg
rees>]
<LizaClassDiagram.pdf, id=102, page=2, 845.1575pt x 597.45204pt>
File: LizaClassDiagram.pdf Graphic file (type pdf)

<use LizaClassDiagram.pdf, page 2>
Package pdftex.def Info: LizaClassDiagram.pdf, page2 used on input line 141.
(pdftex.def)             Requested size: 614.40643pt x 434.33131pt.
File: LizaClassDiagram.pdf Graphic file (type pdf)
 <use LizaClassDiagram.pdf, page 2>
Package pdftex.def Info: LizaClassDiagram.pdf, page2 used on input line 141.
(pdftex.def)             Requested size: 614.40643pt x 434.33131pt.
File: LizaClassDiagram.pdf Graphic file (type pdf)

<use LizaClassDiagram.pdf, page 2>
Package pdftex.def Info: LizaClassDiagram.pdf, page2 used on input line 141.
(pdftex.def)             Requested size: 614.40643pt x 434.33131pt.
 [11 <C:/Users/geislekj/Documents/Courses/Junior 2011-2012/Winter Term/CSSE374/
Liza/Liza/Design/MS4-RefinedDesign/LizaClassDiagram.pdf, page is rotated 90 deg
rees>]
Overfull \hbox (107.47313pt too wide) in paragraph at lines 146--148
\OT1/cmr/m/n/10 The pro-to-type for this mile-stone is cur-rently avail-ble on 
github on-line at https://github.com/geislekj/Liza 
 []

[12]
("C:\Users\geislekj\Documents\Courses\Junior 2011-2012\Winter Term\CSSE374\Liza
\Liza\Design\MS4-RefinedDesign\MS3-RefinedDesign.aux") ) 
Here is how much of TeX's memory you used:
 2387 strings out of 494049
 33853 string characters out of 3146056
 93411 words of memory out of 3000000
 5675 multiletter control sequences out of 15000+200000
 7588 words of font info for 27 fonts, out of 3000000 for 9000
 715 hyphenation exceptions out of 8191
 40i,18n,44p,349b,401s stack positions out of 5000i,500n,10000p,200000b,50000s
<C:/Program Files (x86)
/MiKTeX 2.9/fonts/type1/public/amsfonts/cm/cmbx10.pfb><C:/Program Files (x86)/M
iKTeX 2.9/fonts/type1/public/amsfonts/cm/cmbx12.pfb><C:/Program Files (x86)/MiK
TeX 2.9/fonts/type1/public/amsfonts/cm/cmr10.pfb><C:/Program Files (x86)/MiKTeX
 2.9/fonts/type1/public/amsfonts/cm/cmr12.pfb><C:/Program Files (x86)/MiKTeX 2.
9/fonts/type1/public/amsfonts/cm/cmr17.pfb>
Output written on MS3-RefinedDesign.pdf (12 pages, 201813 bytes).
PDF statistics:
 127 PDF objects out of 1000 (max. 8388607)
 0 named destinations out of 1000 (max. 500000)
 56 words of extra memory for PDF output out of 10000 (max. 10000000)

